<?xml version="1.0" encoding="UTF-8"?>
<!-- Generated by org.testng.reporters.JUnitReportReporter -->
<testsuite hostname="DESKTOP-DAL8TCK" failures="0" tests="2" name="com.RestApiBasics.T6_JsonPayloadWays" time="2.333" errors="0" timestamp="2025-10-11T17:39:54 IST" skipped="0">
  <testcase classname="com.RestApiBasics.T6_JsonPayloadWays" name="createPayloadUsigBasic" time="1.907"/>
  <testcase classname="com.RestApiBasics.T6_JsonPayloadWays" name="testPayloadUsingHashMap" time="0.426"/>
</testsuite> <!-- com.RestApiBasics.T6_JsonPayloadWays -->
