<?xml version="1.0" encoding="UTF-8"?>
<!-- Generated by org.testng.reporters.JUnitReportReporter -->
<testsuite hostname="DESKTOP-DAL8TCK" failures="0" tests="1" name="com.RestApiBasics.T2_APIResponseValidation" time="0.942" errors="0" timestamp="2025-10-13T08:57:26 IST" skipped="0">
  <testcase classname="com.RestApiBasics.T2_APIResponseValidation" name="testResponse" time="0.942"/>
</testsuite> <!-- com.RestApiBasics.T2_APIResponseValidation -->
