<?xml version="1.0" encoding="UTF-8"?>
<!-- Generated by org.testng.reporters.JUnitReportReporter -->
<testsuite hostname="DESKTOP-DAL8TCK" failures="0" tests="1" name="com.RestApiBasics.T8_JsonFileReading" time="2.393" errors="0" timestamp="2025-10-14T16:09:07 IST" skipped="0">
  <testcase classname="com.RestApiBasics.T8_JsonFileReading" name="fileTest" time="2.393"/>
</testsuite> <!-- com.RestApiBasics.T8_JsonFileReading -->
