<?xml version="1.0" encoding="UTF-8"?>
<!-- Generated by org.testng.reporters.JUnitReportReporter -->
<testsuite hostname="DESKTOP-DAL8TCK" failures="0" tests="1" name="com.RestApiBasics.T1_FirstAPITest" time="1.424" errors="0" timestamp="2025-10-13T08:57:14 IST" skipped="0">
  <testcase classname="com.RestApiBasics.T1_FirstAPITest" name="testSingleUser" time="1.424"/>
</testsuite> <!-- com.RestApiBasics.T1_FirstAPITest -->
