<?xml version="1.0" encoding="UTF-8"?>
<!-- Generated by org.testng.reporters.JUnitReportReporter -->
<testsuite hostname="DESKTOP-DAL8TCK" failures="0" tests="2" name="com.RestApiBasics.T5_FirstBDDTest" time="1.915" errors="0" timestamp="2025-10-13T09:00:44 IST" skipped="0">
  <testcase classname="com.RestApiBasics.T5_FirstBDDTest" name="testBDDJsonValidation" time="0.112"/>
  <testcase classname="com.RestApiBasics.T5_FirstBDDTest" name="SingleObjectTest" time="1.803"/>
</testsuite> <!-- com.RestApiBasics.T5_FirstBDDTest -->
