<?xml version="1.0" encoding="UTF-8"?>
<!-- Generated by org.testng.reporters.JUnitReportReporter -->
<testsuite hostname="DESKTOP-DAL8TCK" failures="0" tests="5" name="com.RestApiBasics.T6_JsonPayloadWays" time="2.543" errors="0" timestamp="2025-10-13T09:46:00 IST" skipped="0">
  <testcase classname="com.RestApiBasics.T6_JsonPayloadWays" name="createPayloadUsingBasic" time="1.477"/>
  <testcase classname="com.RestApiBasics.T6_JsonPayloadWays" name="testPayloadUsingHashMap" time="0.372"/>
  <testcase classname="com.RestApiBasics.T6_JsonPayloadWays" name="testPayloadUsingPojoClass" time="0.240"/>
  <testcase classname="com.RestApiBasics.T6_JsonPayloadWays" name="testPayloadUsingJSONObject" time="0.233"/>
  <testcase classname="com.RestApiBasics.T6_JsonPayloadWays" name="testPayloadUsingJsonFile" time="0.221"/>
</testsuite> <!-- com.RestApiBasics.T6_JsonPayloadWays -->
