<?xml version="1.0" encoding="UTF-8"?>
<!-- Generated by org.testng.reporters.JUnitReportReporter -->
<testsuite hostname="DESKTOP-DAL8TCK" failures="0" tests="1" name="com.RestApiBasics.T9_Path_QueryParameters" time="1.608" errors="0" timestamp="2025-10-16T10:03:16 IST" skipped="0">
  <testcase classname="com.RestApiBasics.T9_Path_QueryParameters" name="testParameters" time="1.608"/>
</testsuite> <!-- com.RestApiBasics.T9_Path_QueryParameters -->
