<?xml version="1.0" encoding="UTF-8"?>
<!-- Generated by org.testng.reporters.JUnitReportReporter -->
<testsuite hostname="DESKTOP-DAL8TCK" failures="0" tests="1" name="com.RestApiBasics.T4_JsonValidationBasics" time="1.330" errors="0" timestamp="2025-10-09T20:43:57 IST" skipped="0">
  <testcase classname="com.RestApiBasics.T4_JsonValidationBasics" name="testJsonBody" time="1.330"/>
</testsuite> <!-- com.RestApiBasics.T4_JsonValidationBasics -->
