<?xml version="1.0" encoding="UTF-8"?>
<!-- Generated by org.testng.reporters.JUnitReportReporter -->
<testsuite hostname="DESKTOP-DAL8TCK" failures="0" tests="6" name="com.RestApiBasics.T7_APIChaining" time="8.438" errors="0" timestamp="2025-10-14T16:06:28 IST" skipped="0">
  <testcase classname="com.RestApiBasics.T7_APIChaining" name="createNewBooking" time="2.653"/>
  <testcase classname="com.RestApiBasics.T7_APIChaining" name="getBookingDetails" time="1.189"/>
  <testcase classname="com.RestApiBasics.T7_APIChaining" name="createToken" time="1.138"/>
  <testcase classname="com.RestApiBasics.T7_APIChaining" name="fullUpdateBooking" time="1.161"/>
  <testcase classname="com.RestApiBasics.T7_APIChaining" name="partialBookingUpdate" time="1.160"/>
  <testcase classname="com.RestApiBasics.T7_APIChaining" name="deleteSameBooking" time="1.137"/>
</testsuite> <!-- com.RestApiBasics.T7_APIChaining -->
