<?xml version="1.0" encoding="UTF-8"?>
<!-- Generated by org.testng.reporters.JUnitReportReporter -->
<testsuite hostname="DESKTOP-DAL8TCK" failures="0" tests="2" name="com.RestApiBasics.T11_Serialization_Deserialization" time="0.148" errors="0" timestamp="2025-10-16T10:07:36 IST" skipped="0">
  <testcase classname="com.RestApiBasics.T11_Serialization_Deserialization" name="testSerialization" time="0.008"/>
  <testcase classname="com.RestApiBasics.T11_Serialization_Deserialization" name="testDeserialization" time="0.140"/>
</testsuite> <!-- com.RestApiBasics.T11_Serialization_Deserialization -->
