<?xml version="1.0" encoding="UTF-8"?>
<!-- Generated by org.testng.reporters.JUnitReportReporter -->
<testsuite hostname="DESKTOP-DAL8TCK" failures="0" tests="3" name="com.RestApiBasics.T10_TestCookies_Headers" time="2.298" errors="0" timestamp="2025-10-16T10:04:37 IST" skipped="0">
  <testcase classname="com.RestApiBasics.T10_TestCookies_Headers" name="logResponse" time="1.130"/>
  <testcase classname="com.RestApiBasics.T10_TestCookies_Headers" name="testCookies" time="0.612"/>
  <testcase classname="com.RestApiBasics.T10_TestCookies_Headers" name="testHeaders" time="0.556"/>
</testsuite> <!-- com.RestApiBasics.T10_TestCookies_Headers -->
